mode: atomic
github.com/mikarios/golib/contexts/contexts.go:9.64,14.29 4 2
github.com/mikarios/golib/contexts/contexts.go:18.2,18.27 1 2
github.com/mikarios/golib/contexts/contexts.go:22.2,22.12 1 2
github.com/mikarios/golib/contexts/contexts.go:14.29,16.3 1 0
github.com/mikarios/golib/contexts/contexts.go:18.27,20.3 1 2
github.com/mikarios/golib/dates/dateformattranslator/time.go:8.38,50.2 2 46
github.com/mikarios/golib/handler/handler.go:36.110,38.24 2 31
github.com/mikarios/golib/handler/handler.go:42.2,43.31 2 22
github.com/mikarios/golib/handler/handler.go:162.2,162.17 1 15
github.com/mikarios/golib/handler/handler.go:38.24,40.3 1 9
github.com/mikarios/golib/handler/handler.go:44.15,45.13 1 1
github.com/mikarios/golib/handler/handler.go:46.14,48.17 2 0
github.com/mikarios/golib/handler/handler.go:52.3,52.9 1 0
github.com/mikarios/golib/handler/handler.go:53.12,55.17 2 2
github.com/mikarios/golib/handler/handler.go:59.3,59.14 1 1
github.com/mikarios/golib/handler/handler.go:60.14,62.17 2 0
github.com/mikarios/golib/handler/handler.go:66.3,66.16 1 0
github.com/mikarios/golib/handler/handler.go:67.13,69.17 2 0
github.com/mikarios/golib/handler/handler.go:73.3,73.15 1 0
github.com/mikarios/golib/handler/handler.go:74.15,76.17 2 2
github.com/mikarios/golib/handler/handler.go:80.3,80.9 1 1
github.com/mikarios/golib/handler/handler.go:81.15,83.17 2 0
github.com/mikarios/golib/handler/handler.go:87.3,87.17 1 0
github.com/mikarios/golib/handler/handler.go:88.16,90.17 2 2
github.com/mikarios/golib/handler/handler.go:94.3,94.9 1 1
github.com/mikarios/golib/handler/handler.go:95.16,97.17 2 0
github.com/mikarios/golib/handler/handler.go:101.3,101.18 1 0
github.com/mikarios/golib/handler/handler.go:102.18,104.17 2 3
github.com/mikarios/golib/handler/handler.go:108.3,108.9 1 2
github.com/mikarios/golib/handler/handler.go:109.13,110.33 1 7
github.com/mikarios/golib/handler/handler.go:118.17,119.39 1 1
github.com/mikarios/golib/handler/handler.go:120.14,124.25 3 2
github.com/mikarios/golib/handler/handler.go:133.3,133.17 1 1
github.com/mikarios/golib/handler/handler.go:134.16,138.25 3 2
github.com/mikarios/golib/handler/handler.go:147.3,147.17 1 1
github.com/mikarios/golib/handler/handler.go:148.16,152.25 3 0
github.com/mikarios/golib/handler/handler.go:159.3,159.17 1 0
github.com/mikarios/golib/handler/handler.go:48.17,50.4 1 0
github.com/mikarios/golib/handler/handler.go:55.17,57.4 1 1
github.com/mikarios/golib/handler/handler.go:62.17,64.4 1 0
github.com/mikarios/golib/handler/handler.go:69.17,71.4 1 0
github.com/mikarios/golib/handler/handler.go:76.17,78.4 1 1
github.com/mikarios/golib/handler/handler.go:83.17,85.4 1 0
github.com/mikarios/golib/handler/handler.go:90.17,92.4 1 1
github.com/mikarios/golib/handler/handler.go:97.17,99.4 1 0
github.com/mikarios/golib/handler/handler.go:104.17,106.4 1 1
github.com/mikarios/golib/handler/handler.go:111.25,112.13 1 3
github.com/mikarios/golib/handler/handler.go:113.26,114.14 1 3
github.com/mikarios/golib/handler/handler.go:115.11,116.117 1 1
github.com/mikarios/golib/handler/handler.go:124.25,126.18 2 3
github.com/mikarios/golib/handler/handler.go:130.4,130.27 1 2
github.com/mikarios/golib/handler/handler.go:126.18,128.5 1 1
github.com/mikarios/golib/handler/handler.go:138.25,140.18 2 3
github.com/mikarios/golib/handler/handler.go:144.4,144.29 1 2
github.com/mikarios/golib/handler/handler.go:140.18,142.5 1 1
github.com/mikarios/golib/handler/handler.go:152.25,154.26 2 0
github.com/mikarios/golib/handler/handler.go:154.26,156.5 1 0
github.com/mikarios/golib/handler/handler.go:165.81,167.33 2 31
github.com/mikarios/golib/handler/handler.go:185.2,185.9 1 31
github.com/mikarios/golib/handler/handler.go:189.2,189.19 1 31
github.com/mikarios/golib/handler/handler.go:168.25,169.21 1 31
github.com/mikarios/golib/handler/handler.go:170.27,171.46 1 0
github.com/mikarios/golib/handler/handler.go:175.3,175.20 1 0
github.com/mikarios/golib/handler/handler.go:176.18,177.46 1 0
github.com/mikarios/golib/handler/handler.go:182.3,182.20 1 0
github.com/mikarios/golib/handler/handler.go:171.46,173.4 1 0
github.com/mikarios/golib/handler/handler.go:177.46,179.9 2 0
github.com/mikarios/golib/handler/handler.go:185.9,187.3 1 9
github.com/mikarios/golib/logger/logger.go:57.75,62.2 1 0
github.com/mikarios/golib/logger/logger.go:66.74,70.32 3 0
github.com/mikarios/golib/logger/logger.go:74.2,74.25 1 0
github.com/mikarios/golib/logger/logger.go:70.32,72.3 1 0
github.com/mikarios/golib/logger/logger.go:75.23,76.33 1 0
github.com/mikarios/golib/logger/logger.go:77.23,78.33 1 0
github.com/mikarios/golib/logger/logger.go:79.23,80.33 1 0
github.com/mikarios/golib/logger/logger.go:81.25,82.23 1 0
github.com/mikarios/golib/logger/logger.go:83.22,84.20 1 0
github.com/mikarios/golib/logger/logger.go:85.23,86.21 1 0
github.com/mikarios/golib/logger/logger.go:87.23,88.21 1 0
github.com/mikarios/golib/logger/logger.go:99.31,101.2 1 10
github.com/mikarios/golib/logger/logger.go:105.43,106.36 1 14
github.com/mikarios/golib/logger/logger.go:117.2,117.12 1 13
github.com/mikarios/golib/logger/logger.go:107.14,108.47 1 12
github.com/mikarios/golib/logger/logger.go:109.14,112.5 1 1
github.com/mikarios/golib/logger/logger.go:113.10,114.63 1 1
github.com/mikarios/golib/logger/logger.go:121.38,123.16 2 27
github.com/mikarios/golib/logger/logger.go:127.2,129.12 2 26
github.com/mikarios/golib/logger/logger.go:123.16,125.3 1 1
github.com/mikarios/golib/logger/logger.go:133.29,135.2 1 1
github.com/mikarios/golib/logger/logger.go:138.69,139.16 1 1
github.com/mikarios/golib/logger/logger.go:139.16,142.3 2 1
github.com/mikarios/golib/logger/logger.go:147.69,150.2 2 3
github.com/mikarios/golib/logger/logger.go:154.69,157.2 2 4
github.com/mikarios/golib/logger/logger.go:161.60,164.2 2 4
github.com/mikarios/golib/logger/logger.go:168.57,171.2 2 6
github.com/mikarios/golib/logger/logger.go:175.58,178.2 2 3
github.com/mikarios/golib/logger/logger.go:182.58,185.2 2 3
github.com/mikarios/golib/logger/logger.go:187.31,190.39 2 12
github.com/mikarios/golib/logger/logger.go:210.2,210.15 1 12
github.com/mikarios/golib/logger/logger.go:190.39,195.13 3 84
github.com/mikarios/golib/logger/logger.go:199.3,200.20 2 72
github.com/mikarios/golib/logger/logger.go:204.3,207.82 3 72
github.com/mikarios/golib/logger/logger.go:195.13,196.9 1 12
github.com/mikarios/golib/logger/logger.go:200.20,201.9 1 0
github.com/mikarios/golib/logger/logger.go:213.112,214.16 1 24
github.com/mikarios/golib/logger/logger.go:218.2,230.29 5 24
github.com/mikarios/golib/logger/logger.go:236.2,236.23 1 24
github.com/mikarios/golib/logger/logger.go:244.2,244.16 1 24
github.com/mikarios/golib/logger/logger.go:248.2,248.10 1 24
github.com/mikarios/golib/logger/logger.go:214.16,216.3 1 0
github.com/mikarios/golib/logger/logger.go:230.29,231.29 1 39
github.com/mikarios/golib/logger/logger.go:231.29,233.4 1 4
github.com/mikarios/golib/logger/logger.go:236.23,239.21 2 24
github.com/mikarios/golib/logger/logger.go:239.21,241.4 1 12
github.com/mikarios/golib/logger/logger.go:244.16,246.3 1 8
github.com/mikarios/golib/slices/slices.go:4.51,5.21 1 6
github.com/mikarios/golib/slices/slices.go:11.2,11.14 1 4
github.com/mikarios/golib/slices/slices.go:5.21,6.21 1 6
github.com/mikarios/golib/slices/slices.go:6.21,8.4 1 2
github.com/mikarios/golib/slices/slices.go:15.48,18.22 2 10
github.com/mikarios/golib/slices/slices.go:22.2,24.22 2 10
github.com/mikarios/golib/slices/slices.go:30.2,30.13 1 10
github.com/mikarios/golib/slices/slices.go:18.22,20.3 1 10
github.com/mikarios/golib/slices/slices.go:24.22,25.32 1 16
github.com/mikarios/golib/slices/slices.go:25.32,27.4 1 10
github.com/mikarios/golib/stringtools/stringTools.go:5.59,6.16 1 8
github.com/mikarios/golib/stringtools/stringTools.go:10.2,13.29 2 7
github.com/mikarios/golib/stringtools/stringTools.go:17.2,19.26 2 7
github.com/mikarios/golib/stringtools/stringTools.go:31.2,31.19 1 7
github.com/mikarios/golib/stringtools/stringTools.go:6.16,8.3 1 1
github.com/mikarios/golib/stringtools/stringTools.go:13.29,15.3 1 59
github.com/mikarios/golib/stringtools/stringTools.go:19.26,21.29 1 26
github.com/mikarios/golib/stringtools/stringTools.go:26.3,28.32 2 26
github.com/mikarios/golib/stringtools/stringTools.go:21.29,23.4 1 4
